===== RUN Sun Apr 19 09:20:32 UTC 2026 =====
[2026-04-19 09:20:32] 🚀 START SOP V2.1 BOT
[2026-04-19 09:20:33] HTTP 401
[2026-04-19 09:20:33] RESPONSE: {'msg': 'Invalid OK-ACCESS-TIMESTAMP', 'code': '50112'}
[2026-04-19 09:20:33] ✅ EXECUTION SUCCESS
[2026-04-19 09:20:33] 🔓 LOCK RELEASED
[2026-04-19 09:20:33] 📁 LOG SAVED: logs/log_2026-04-19_09-20-32.txt
===== RUN Sun Apr 19 09:22:36 UTC 2026 =====
[2026-04-19 09:22:36] 🚀 START SOP V2.1 BOT
[2026-04-19 09:22:37] HTTP 401
[2026-04-19 09:22:37] RESPONSE: {'msg': 'Invalid OK-ACCESS-TIMESTAMP', 'code': '50112'}
[2026-04-19 09:22:37] ✅ EXECUTION SUCCESS
[2026-04-19 09:22:37] 🔓 LOCK RELEASED
[2026-04-19 09:22:37] 📁 LOG SAVED: logs/log_2026-04-19_09-22-36.txt
===== RUN Sun Apr 19 09:35:20 UTC 2026 =====
[RETRY 1] {'msg': 'Invalid OK-ACCESS-KEY', 'code': '50111'}
[RETRY 2] {'msg': 'Invalid OK-ACCESS-KEY', 'code': '50111'}
[RETRY 3] {'msg': 'Invalid OK-ACCESS-KEY', 'code': '50111'}
RESULT: False
{
  "msg": "Invalid OK-ACCESS-KEY",
  "code": "50111"
}
